The system is: Darwin - 16.7.0 - x86_64
Compiling the C compiler identification source file "CMakeCCompilerId.c" succeeded.
Compiler: /usr/local/bin/cc 
Build flags: 
Id flags: 

The output was:
0


Compilation of the C compiler identification source "CMakeCCompilerId.c" produced "a.out"

The C compiler identification is GNU, found in "/Users/sfarrens/Dropbox/CEA/P-ISAP/isap/cxx/sparse2d_opt_w_unit/build2/CMakeFiles/3.3.2/CompilerIdC/a.out"

Compiling the CXX compiler identification source file "CMakeCXXCompilerId.cpp" succeeded.
Compiler: /usr/local/bin/c++ 
Build flags: 
Id flags: 

The output was:
0


Compilation of the CXX compiler identification source "CMakeCXXCompilerId.cpp" produced "a.out"

The CXX compiler identification is GNU, found in "/Users/sfarrens/Dropbox/CEA/P-ISAP/isap/cxx/sparse2d_opt_w_unit/build2/CMakeFiles/3.3.2/CompilerIdCXX/a.out"

Determining if the C compiler works passed with the following output:
Change Dir: /Users/sfarrens/Dropbox/CEA/P-ISAP/isap/cxx/sparse2d_opt_w_unit/build2/CMakeFiles/CMakeTmp

Run Build Command:"/usr/bin/make" "cmTC_d71f5/fast"
/Library/Developer/CommandLineTools/usr/bin/make -f CMakeFiles/cmTC_d71f5.dir/build.make CMakeFiles/cmTC_d71f5.dir/build
Building C object CMakeFiles/cmTC_d71f5.dir/testCCompiler.c.o
/usr/local/bin/cc    -o CMakeFiles/cmTC_d71f5.dir/testCCompiler.c.o   -c /Users/sfarrens/Dropbox/CEA/P-ISAP/isap/cxx/sparse2d_opt_w_unit/build2/CMakeFiles/CMakeTmp/testCCompiler.c
Linking C executable cmTC_d71f5
/usr/local/bin/cmake -E cmake_link_script CMakeFiles/cmTC_d71f5.dir/link.txt --verbose=1
/usr/local/bin/cc    -Wl,-search_paths_first -Wl,-headerpad_max_install_names   CMakeFiles/cmTC_d71f5.dir/testCCompiler.c.o  -o cmTC_d71f5  


Detecting C compiler ABI info compiled with the following output:
Change Dir: /Users/sfarrens/Dropbox/CEA/P-ISAP/isap/cxx/sparse2d_opt_w_unit/build2/CMakeFiles/CMakeTmp

Run Build Command:"/usr/bin/make" "cmTC_f4cfc/fast"
/Library/Developer/CommandLineTools/usr/bin/make -f CMakeFiles/cmTC_f4cfc.dir/build.make CMakeFiles/cmTC_f4cfc.dir/build
Building C object CMakeFiles/cmTC_f4cfc.dir/CMakeCCompilerABI.c.o
/usr/local/bin/cc    -o CMakeFiles/cmTC_f4cfc.dir/CMakeCCompilerABI.c.o   -c /usr/local/share/cmake-3.3/Modules/CMakeCCompilerABI.c
Linking C executable cmTC_f4cfc
/usr/local/bin/cmake -E cmake_link_script CMakeFiles/cmTC_f4cfc.dir/link.txt --verbose=1
/usr/local/bin/cc    -Wl,-search_paths_first -Wl,-headerpad_max_install_names  -v -Wl,-v CMakeFiles/cmTC_f4cfc.dir/CMakeCCompilerABI.c.o  -o cmTC_f4cfc   
Using built-in specs.
COLLECT_GCC=/usr/local/bin/cc
COLLECT_LTO_WRAPPER=/usr/local/libexec/gcc/x86_64-apple-darwin14.0.0/4.9.2/lto-wrapper
Target: x86_64-apple-darwin14.0.0
Configured with: ../gcc-4.9-20141029/configure --enable-languages=c++,fortran
Thread model: posix
gcc version 4.9.2 20141029 (prerelease) (GCC) 
COMPILER_PATH=/usr/local/libexec/gcc/x86_64-apple-darwin14.0.0/4.9.2/:/usr/local/libexec/gcc/x86_64-apple-darwin14.0.0/4.9.2/:/usr/local/libexec/gcc/x86_64-apple-darwin14.0.0/:/usr/local/lib/gcc/x86_64-apple-darwin14.0.0/4.9.2/:/usr/local/lib/gcc/x86_64-apple-darwin14.0.0/
LIBRARY_PATH=/usr/local/lib/gcc/x86_64-apple-darwin14.0.0/4.9.2/:/usr/local/lib/gcc/x86_64-apple-darwin14.0.0/4.9.2/../../../:/usr/lib/
COLLECT_GCC_OPTIONS='-mmacosx-version-min=10.12.7' '-v' '-o' 'cmTC_f4cfc' '-mtune=core2'
 /usr/local/libexec/gcc/x86_64-apple-darwin14.0.0/4.9.2/collect2 -dynamic -arch x86_64 -macosx_version_min 10.12.7 -weak_reference_mismatches non-weak -o cmTC_f4cfc -L/usr/local/lib/gcc/x86_64-apple-darwin14.0.0/4.9.2 -L/usr/local/lib/gcc/x86_64-apple-darwin14.0.0/4.9.2/../../.. -search_paths_first -headerpad_max_install_names -v CMakeFiles/cmTC_f4cfc.dir/CMakeCCompilerABI.c.o -no_compact_unwind -lSystem -lgcc_ext.10.5 -lgcc -lSystem -v
collect2 version 4.9.2 20141029 (prerelease)
/usr/bin/ld -dynamic -arch x86_64 -macosx_version_min 10.12.7 -weak_reference_mismatches non-weak -o cmTC_f4cfc -L/usr/local/lib/gcc/x86_64-apple-darwin14.0.0/4.9.2 -L/usr/local/lib/gcc/x86_64-apple-darwin14.0.0/4.9.2/../../.. -search_paths_first -headerpad_max_install_names -v CMakeFiles/cmTC_f4cfc.dir/CMakeCCompilerABI.c.o -no_compact_unwind -lSystem -lgcc_ext.10.5 -lgcc -lSystem -v
@(#)PROGRAM:ld  PROJECT:ld64-302.3
configured to support archs: armv6 armv7 armv7s arm64 i386 x86_64 x86_64h armv6m armv7k armv7m armv7em (tvOS)
@(#)PROGRAM:ld  PROJECT:ld64-302.3
configured to support archs: armv6 armv7 armv7s arm64 i386 x86_64 x86_64h armv6m armv7k armv7m armv7em (tvOS)
Library search paths:
	/usr/local/lib/gcc/x86_64-apple-darwin14.0.0/4.9.2
	/usr/local/lib
	/usr/lib
	/usr/local/lib
Framework search paths:
	/Library/Frameworks/
	/System/Library/Frameworks/


Parsed C implicit link information from above output:
  link line regex: [^( *|.*[/\])(ld|([^/\]+-)?ld|collect2)[^/\]*( |$)]
  ignore line: [Change Dir: /Users/sfarrens/Dropbox/CEA/P-ISAP/isap/cxx/sparse2d_opt_w_unit/build2/CMakeFiles/CMakeTmp]
  ignore line: []
  ignore line: [Run Build Command:"/usr/bin/make" "cmTC_f4cfc/fast"]
  ignore line: [/Library/Developer/CommandLineTools/usr/bin/make -f CMakeFiles/cmTC_f4cfc.dir/build.make CMakeFiles/cmTC_f4cfc.dir/build]
  ignore line: [Building C object CMakeFiles/cmTC_f4cfc.dir/CMakeCCompilerABI.c.o]
  ignore line: [/usr/local/bin/cc    -o CMakeFiles/cmTC_f4cfc.dir/CMakeCCompilerABI.c.o   -c /usr/local/share/cmake-3.3/Modules/CMakeCCompilerABI.c]
  ignore line: [Linking C executable cmTC_f4cfc]
  ignore line: [/usr/local/bin/cmake -E cmake_link_script CMakeFiles/cmTC_f4cfc.dir/link.txt --verbose=1]
  ignore line: [/usr/local/bin/cc    -Wl,-search_paths_first -Wl,-headerpad_max_install_names  -v -Wl,-v CMakeFiles/cmTC_f4cfc.dir/CMakeCCompilerABI.c.o  -o cmTC_f4cfc   ]
  ignore line: [Using built-in specs.]
  ignore line: [COLLECT_GCC=/usr/local/bin/cc]
  ignore line: [COLLECT_LTO_WRAPPER=/usr/local/libexec/gcc/x86_64-apple-darwin14.0.0/4.9.2/lto-wrapper]
  ignore line: [Target: x86_64-apple-darwin14.0.0]
  ignore line: [Configured with: ../gcc-4.9-20141029/configure --enable-languages=c++,fortran]
  ignore line: [Thread model: posix]
  ignore line: [gcc version 4.9.2 20141029 (prerelease) (GCC) ]
  ignore line: [COMPILER_PATH=/usr/local/libexec/gcc/x86_64-apple-darwin14.0.0/4.9.2/:/usr/local/libexec/gcc/x86_64-apple-darwin14.0.0/4.9.2/:/usr/local/libexec/gcc/x86_64-apple-darwin14.0.0/:/usr/local/lib/gcc/x86_64-apple-darwin14.0.0/4.9.2/:/usr/local/lib/gcc/x86_64-apple-darwin14.0.0/]
  ignore line: [LIBRARY_PATH=/usr/local/lib/gcc/x86_64-apple-darwin14.0.0/4.9.2/:/usr/local/lib/gcc/x86_64-apple-darwin14.0.0/4.9.2/../../../:/usr/lib/]
  ignore line: [COLLECT_GCC_OPTIONS='-mmacosx-version-min=10.12.7' '-v' '-o' 'cmTC_f4cfc' '-mtune=core2']
  link line: [ /usr/local/libexec/gcc/x86_64-apple-darwin14.0.0/4.9.2/collect2 -dynamic -arch x86_64 -macosx_version_min 10.12.7 -weak_reference_mismatches non-weak -o cmTC_f4cfc -L/usr/local/lib/gcc/x86_64-apple-darwin14.0.0/4.9.2 -L/usr/local/lib/gcc/x86_64-apple-darwin14.0.0/4.9.2/../../.. -search_paths_first -headerpad_max_install_names -v CMakeFiles/cmTC_f4cfc.dir/CMakeCCompilerABI.c.o -no_compact_unwind -lSystem -lgcc_ext.10.5 -lgcc -lSystem -v]
    arg [/usr/local/libexec/gcc/x86_64-apple-darwin14.0.0/4.9.2/collect2] ==> ignore
    arg [-dynamic] ==> ignore
    arg [-arch] ==> ignore
    arg [x86_64] ==> ignore
    arg [-macosx_version_min] ==> ignore
    arg [10.12.7] ==> ignore
    arg [-weak_reference_mismatches] ==> ignore
    arg [non-weak] ==> ignore
    arg [-o] ==> ignore
    arg [cmTC_f4cfc] ==> ignore
    arg [-L/usr/local/lib/gcc/x86_64-apple-darwin14.0.0/4.9.2] ==> dir [/usr/local/lib/gcc/x86_64-apple-darwin14.0.0/4.9.2]
    arg [-L/usr/local/lib/gcc/x86_64-apple-darwin14.0.0/4.9.2/../../..] ==> dir [/usr/local/lib/gcc/x86_64-apple-darwin14.0.0/4.9.2/../../..]
    arg [-search_paths_first] ==> ignore
    arg [-headerpad_max_install_names] ==> ignore
    arg [-v] ==> ignore
    arg [CMakeFiles/cmTC_f4cfc.dir/CMakeCCompilerABI.c.o] ==> ignore
    arg [-no_compact_unwind] ==> ignore
    arg [-lSystem] ==> lib [System]
    arg [-lgcc_ext.10.5] ==> lib [gcc_ext.10.5]
    arg [-lgcc] ==> lib [gcc]
    arg [-lSystem] ==> lib [System]
    arg [-v] ==> ignore
  Library search paths: [;/usr/local/lib/gcc/x86_64-apple-darwin14.0.0/4.9.2;/usr/local/lib;/usr/lib;/usr/local/lib]
  Framework search paths: [;/Library/Frameworks/;/System/Library/Frameworks/]
  remove lib [System]
  remove lib [gcc_ext.10.5]
  remove lib [gcc]
  remove lib [System]
  collapse library dir [/usr/local/lib/gcc/x86_64-apple-darwin14.0.0/4.9.2] ==> [/usr/local/lib/gcc/x86_64-apple-darwin14.0.0/4.9.2]
  collapse library dir [/usr/local/lib/gcc/x86_64-apple-darwin14.0.0/4.9.2/../../..] ==> [/usr/local/lib]
  collapse library dir [/usr/local/lib/gcc/x86_64-apple-darwin14.0.0/4.9.2] ==> [/usr/local/lib/gcc/x86_64-apple-darwin14.0.0/4.9.2]
  collapse library dir [/usr/local/lib] ==> [/usr/local/lib]
  collapse library dir [/usr/lib] ==> [/usr/lib]
  collapse library dir [/usr/local/lib] ==> [/usr/local/lib]
  collapse framework dir [/Library/Frameworks/] ==> [/Library/Frameworks]
  collapse framework dir [/System/Library/Frameworks/] ==> [/System/Library/Frameworks]
  implicit libs: []
  implicit dirs: [/usr/local/lib/gcc/x86_64-apple-darwin14.0.0/4.9.2;/usr/local/lib;/usr/lib]
  implicit fwks: [/Library/Frameworks;/System/Library/Frameworks]




Detecting C [-std=c11] compiler features compiled with the following output:
Change Dir: /Users/sfarrens/Dropbox/CEA/P-ISAP/isap/cxx/sparse2d_opt_w_unit/build2/CMakeFiles/CMakeTmp

Run Build Command:"/usr/bin/make" "cmTC_d7ec0/fast"
/Library/Developer/CommandLineTools/usr/bin/make -f CMakeFiles/cmTC_d7ec0.dir/build.make CMakeFiles/cmTC_d7ec0.dir/build
Building C object CMakeFiles/cmTC_d7ec0.dir/feature_tests.c.o
/usr/local/bin/cc   -std=c11 -o CMakeFiles/cmTC_d7ec0.dir/feature_tests.c.o   -c /Users/sfarrens/Dropbox/CEA/P-ISAP/isap/cxx/sparse2d_opt_w_unit/build2/CMakeFiles/feature_tests.c
Linking C executable cmTC_d7ec0
/usr/local/bin/cmake -E cmake_link_script CMakeFiles/cmTC_d7ec0.dir/link.txt --verbose=1
/usr/local/bin/cc    -Wl,-search_paths_first -Wl,-headerpad_max_install_names   CMakeFiles/cmTC_d7ec0.dir/feature_tests.c.o  -o cmTC_d7ec0  


    Feature record: C_FEATURE:1c_function_prototypes
    Feature record: C_FEATURE:1c_restrict
    Feature record: C_FEATURE:1c_static_assert
    Feature record: C_FEATURE:1c_variadic_macros


Detecting C [-std=c99] compiler features compiled with the following output:
Change Dir: /Users/sfarrens/Dropbox/CEA/P-ISAP/isap/cxx/sparse2d_opt_w_unit/build2/CMakeFiles/CMakeTmp

Run Build Command:"/usr/bin/make" "cmTC_a9e2c/fast"
/Library/Developer/CommandLineTools/usr/bin/make -f CMakeFiles/cmTC_a9e2c.dir/build.make CMakeFiles/cmTC_a9e2c.dir/build
Building C object CMakeFiles/cmTC_a9e2c.dir/feature_tests.c.o
/usr/local/bin/cc   -std=c99 -o CMakeFiles/cmTC_a9e2c.dir/feature_tests.c.o   -c /Users/sfarrens/Dropbox/CEA/P-ISAP/isap/cxx/sparse2d_opt_w_unit/build2/CMakeFiles/feature_tests.c
Linking C executable cmTC_a9e2c
/usr/local/bin/cmake -E cmake_link_script CMakeFiles/cmTC_a9e2c.dir/link.txt --verbose=1
/usr/local/bin/cc    -Wl,-search_paths_first -Wl,-headerpad_max_install_names   CMakeFiles/cmTC_a9e2c.dir/feature_tests.c.o  -o cmTC_a9e2c  


    Feature record: C_FEATURE:1c_function_prototypes
    Feature record: C_FEATURE:1c_restrict
    Feature record: C_FEATURE:0c_static_assert
    Feature record: C_FEATURE:1c_variadic_macros


Detecting C [-std=c90] compiler features compiled with the following output:
Change Dir: /Users/sfarrens/Dropbox/CEA/P-ISAP/isap/cxx/sparse2d_opt_w_unit/build2/CMakeFiles/CMakeTmp

Run Build Command:"/usr/bin/make" "cmTC_c4e41/fast"
/Library/Developer/CommandLineTools/usr/bin/make -f CMakeFiles/cmTC_c4e41.dir/build.make CMakeFiles/cmTC_c4e41.dir/build
Building C object CMakeFiles/cmTC_c4e41.dir/feature_tests.c.o
/usr/local/bin/cc   -std=c90 -o CMakeFiles/cmTC_c4e41.dir/feature_tests.c.o   -c /Users/sfarrens/Dropbox/CEA/P-ISAP/isap/cxx/sparse2d_opt_w_unit/build2/CMakeFiles/feature_tests.c
Linking C executable cmTC_c4e41
/usr/local/bin/cmake -E cmake_link_script CMakeFiles/cmTC_c4e41.dir/link.txt --verbose=1
/usr/local/bin/cc    -Wl,-search_paths_first -Wl,-headerpad_max_install_names   CMakeFiles/cmTC_c4e41.dir/feature_tests.c.o  -o cmTC_c4e41  


    Feature record: C_FEATURE:1c_function_prototypes
    Feature record: C_FEATURE:0c_restrict
    Feature record: C_FEATURE:0c_static_assert
    Feature record: C_FEATURE:0c_variadic_macros
Determining if the CXX compiler works passed with the following output:
Change Dir: /Users/sfarrens/Dropbox/CEA/P-ISAP/isap/cxx/sparse2d_opt_w_unit/build2/CMakeFiles/CMakeTmp

Run Build Command:"/usr/bin/make" "cmTC_c4c3a/fast"
/Library/Developer/CommandLineTools/usr/bin/make -f CMakeFiles/cmTC_c4c3a.dir/build.make CMakeFiles/cmTC_c4c3a.dir/build
Building CXX object CMakeFiles/cmTC_c4c3a.dir/testCXXCompiler.cxx.o
/usr/local/bin/c++     -o CMakeFiles/cmTC_c4c3a.dir/testCXXCompiler.cxx.o -c /Users/sfarrens/Dropbox/CEA/P-ISAP/isap/cxx/sparse2d_opt_w_unit/build2/CMakeFiles/CMakeTmp/testCXXCompiler.cxx
Linking CXX executable cmTC_c4c3a
/usr/local/bin/cmake -E cmake_link_script CMakeFiles/cmTC_c4c3a.dir/link.txt --verbose=1
/usr/local/bin/c++     -Wl,-search_paths_first -Wl,-headerpad_max_install_names   CMakeFiles/cmTC_c4c3a.dir/testCXXCompiler.cxx.o  -o cmTC_c4c3a  


Detecting CXX compiler ABI info compiled with the following output:
Change Dir: /Users/sfarrens/Dropbox/CEA/P-ISAP/isap/cxx/sparse2d_opt_w_unit/build2/CMakeFiles/CMakeTmp

Run Build Command:"/usr/bin/make" "cmTC_2a6b9/fast"
/Library/Developer/CommandLineTools/usr/bin/make -f CMakeFiles/cmTC_2a6b9.dir/build.make CMakeFiles/cmTC_2a6b9.dir/build
Building CXX object CMakeFiles/cmTC_2a6b9.dir/CMakeCXXCompilerABI.cpp.o
/usr/local/bin/c++     -o CMakeFiles/cmTC_2a6b9.dir/CMakeCXXCompilerABI.cpp.o -c /usr/local/share/cmake-3.3/Modules/CMakeCXXCompilerABI.cpp
Linking CXX executable cmTC_2a6b9
/usr/local/bin/cmake -E cmake_link_script CMakeFiles/cmTC_2a6b9.dir/link.txt --verbose=1
/usr/local/bin/c++     -Wl,-search_paths_first -Wl,-headerpad_max_install_names  -v -Wl,-v CMakeFiles/cmTC_2a6b9.dir/CMakeCXXCompilerABI.cpp.o  -o cmTC_2a6b9   
Using built-in specs.
COLLECT_GCC=/usr/local/bin/c++
COLLECT_LTO_WRAPPER=/usr/local/libexec/gcc/x86_64-apple-darwin14.0.0/4.9.2/lto-wrapper
Target: x86_64-apple-darwin14.0.0
Configured with: ../gcc-4.9-20141029/configure --enable-languages=c++,fortran
Thread model: posix
gcc version 4.9.2 20141029 (prerelease) (GCC) 
COMPILER_PATH=/usr/local/libexec/gcc/x86_64-apple-darwin14.0.0/4.9.2/:/usr/local/libexec/gcc/x86_64-apple-darwin14.0.0/4.9.2/:/usr/local/libexec/gcc/x86_64-apple-darwin14.0.0/:/usr/local/lib/gcc/x86_64-apple-darwin14.0.0/4.9.2/:/usr/local/lib/gcc/x86_64-apple-darwin14.0.0/
LIBRARY_PATH=/usr/local/lib/gcc/x86_64-apple-darwin14.0.0/4.9.2/:/usr/local/lib/gcc/x86_64-apple-darwin14.0.0/4.9.2/../../../:/usr/lib/
COLLECT_GCC_OPTIONS='-mmacosx-version-min=10.12.7' '-v' '-o' 'cmTC_2a6b9' '-shared-libgcc' '-mtune=core2'
 /usr/local/libexec/gcc/x86_64-apple-darwin14.0.0/4.9.2/collect2 -dynamic -arch x86_64 -macosx_version_min 10.12.7 -weak_reference_mismatches non-weak -o cmTC_2a6b9 -L/usr/local/lib/gcc/x86_64-apple-darwin14.0.0/4.9.2 -L/usr/local/lib/gcc/x86_64-apple-darwin14.0.0/4.9.2/../../.. -search_paths_first -headerpad_max_install_names -v CMakeFiles/cmTC_2a6b9.dir/CMakeCXXCompilerABI.cpp.o -lstdc++ -no_compact_unwind -lSystem -lgcc_ext.10.5 -lgcc -lSystem -v
collect2 version 4.9.2 20141029 (prerelease)
/usr/bin/ld -dynamic -arch x86_64 -macosx_version_min 10.12.7 -weak_reference_mismatches non-weak -o cmTC_2a6b9 -L/usr/local/lib/gcc/x86_64-apple-darwin14.0.0/4.9.2 -L/usr/local/lib/gcc/x86_64-apple-darwin14.0.0/4.9.2/../../.. -search_paths_first -headerpad_max_install_names -v CMakeFiles/cmTC_2a6b9.dir/CMakeCXXCompilerABI.cpp.o -lstdc++ -no_compact_unwind -lSystem -lgcc_ext.10.5 -lgcc -lSystem -v
@(#)PROGRAM:ld  PROJECT:ld64-302.3
configured to support archs: armv6 armv7 armv7s arm64 i386 x86_64 x86_64h armv6m armv7k armv7m armv7em (tvOS)
@(#)PROGRAM:ld  PROJECT:ld64-302.3
configured to support archs: armv6 armv7 armv7s arm64 i386 x86_64 x86_64h armv6m armv7k armv7m armv7em (tvOS)
Library search paths:
	/usr/local/lib/gcc/x86_64-apple-darwin14.0.0/4.9.2
	/usr/local/lib
	/usr/lib
	/usr/local/lib
Framework search paths:
	/Library/Frameworks/
	/System/Library/Frameworks/


Parsed CXX implicit link information from above output:
  link line regex: [^( *|.*[/\])(ld|([^/\]+-)?ld|collect2)[^/\]*( |$)]
  ignore line: [Change Dir: /Users/sfarrens/Dropbox/CEA/P-ISAP/isap/cxx/sparse2d_opt_w_unit/build2/CMakeFiles/CMakeTmp]
  ignore line: []
  ignore line: [Run Build Command:"/usr/bin/make" "cmTC_2a6b9/fast"]
  ignore line: [/Library/Developer/CommandLineTools/usr/bin/make -f CMakeFiles/cmTC_2a6b9.dir/build.make CMakeFiles/cmTC_2a6b9.dir/build]
  ignore line: [Building CXX object CMakeFiles/cmTC_2a6b9.dir/CMakeCXXCompilerABI.cpp.o]
  ignore line: [/usr/local/bin/c++     -o CMakeFiles/cmTC_2a6b9.dir/CMakeCXXCompilerABI.cpp.o -c /usr/local/share/cmake-3.3/Modules/CMakeCXXCompilerABI.cpp]
  ignore line: [Linking CXX executable cmTC_2a6b9]
  ignore line: [/usr/local/bin/cmake -E cmake_link_script CMakeFiles/cmTC_2a6b9.dir/link.txt --verbose=1]
  ignore line: [/usr/local/bin/c++     -Wl,-search_paths_first -Wl,-headerpad_max_install_names  -v -Wl,-v CMakeFiles/cmTC_2a6b9.dir/CMakeCXXCompilerABI.cpp.o  -o cmTC_2a6b9   ]
  ignore line: [Using built-in specs.]
  ignore line: [COLLECT_GCC=/usr/local/bin/c++]
  ignore line: [COLLECT_LTO_WRAPPER=/usr/local/libexec/gcc/x86_64-apple-darwin14.0.0/4.9.2/lto-wrapper]
  ignore line: [Target: x86_64-apple-darwin14.0.0]
  ignore line: [Configured with: ../gcc-4.9-20141029/configure --enable-languages=c++,fortran]
  ignore line: [Thread model: posix]
  ignore line: [gcc version 4.9.2 20141029 (prerelease) (GCC) ]
  ignore line: [COMPILER_PATH=/usr/local/libexec/gcc/x86_64-apple-darwin14.0.0/4.9.2/:/usr/local/libexec/gcc/x86_64-apple-darwin14.0.0/4.9.2/:/usr/local/libexec/gcc/x86_64-apple-darwin14.0.0/:/usr/local/lib/gcc/x86_64-apple-darwin14.0.0/4.9.2/:/usr/local/lib/gcc/x86_64-apple-darwin14.0.0/]
  ignore line: [LIBRARY_PATH=/usr/local/lib/gcc/x86_64-apple-darwin14.0.0/4.9.2/:/usr/local/lib/gcc/x86_64-apple-darwin14.0.0/4.9.2/../../../:/usr/lib/]
  ignore line: [COLLECT_GCC_OPTIONS='-mmacosx-version-min=10.12.7' '-v' '-o' 'cmTC_2a6b9' '-shared-libgcc' '-mtune=core2']
  link line: [ /usr/local/libexec/gcc/x86_64-apple-darwin14.0.0/4.9.2/collect2 -dynamic -arch x86_64 -macosx_version_min 10.12.7 -weak_reference_mismatches non-weak -o cmTC_2a6b9 -L/usr/local/lib/gcc/x86_64-apple-darwin14.0.0/4.9.2 -L/usr/local/lib/gcc/x86_64-apple-darwin14.0.0/4.9.2/../../.. -search_paths_first -headerpad_max_install_names -v CMakeFiles/cmTC_2a6b9.dir/CMakeCXXCompilerABI.cpp.o -lstdc++ -no_compact_unwind -lSystem -lgcc_ext.10.5 -lgcc -lSystem -v]
    arg [/usr/local/libexec/gcc/x86_64-apple-darwin14.0.0/4.9.2/collect2] ==> ignore
    arg [-dynamic] ==> ignore
    arg [-arch] ==> ignore
    arg [x86_64] ==> ignore
    arg [-macosx_version_min] ==> ignore
    arg [10.12.7] ==> ignore
    arg [-weak_reference_mismatches] ==> ignore
    arg [non-weak] ==> ignore
    arg [-o] ==> ignore
    arg [cmTC_2a6b9] ==> ignore
    arg [-L/usr/local/lib/gcc/x86_64-apple-darwin14.0.0/4.9.2] ==> dir [/usr/local/lib/gcc/x86_64-apple-darwin14.0.0/4.9.2]
    arg [-L/usr/local/lib/gcc/x86_64-apple-darwin14.0.0/4.9.2/../../..] ==> dir [/usr/local/lib/gcc/x86_64-apple-darwin14.0.0/4.9.2/../../..]
    arg [-search_paths_first] ==> ignore
    arg [-headerpad_max_install_names] ==> ignore
    arg [-v] ==> ignore
    arg [CMakeFiles/cmTC_2a6b9.dir/CMakeCXXCompilerABI.cpp.o] ==> ignore
    arg [-lstdc++] ==> lib [stdc++]
    arg [-no_compact_unwind] ==> ignore
    arg [-lSystem] ==> lib [System]
    arg [-lgcc_ext.10.5] ==> lib [gcc_ext.10.5]
    arg [-lgcc] ==> lib [gcc]
    arg [-lSystem] ==> lib [System]
    arg [-v] ==> ignore
  Library search paths: [;/usr/local/lib/gcc/x86_64-apple-darwin14.0.0/4.9.2;/usr/local/lib;/usr/lib;/usr/local/lib]
  Framework search paths: [;/Library/Frameworks/;/System/Library/Frameworks/]
  remove lib [System]
  remove lib [gcc_ext.10.5]
  remove lib [gcc]
  remove lib [System]
  collapse library dir [/usr/local/lib/gcc/x86_64-apple-darwin14.0.0/4.9.2] ==> [/usr/local/lib/gcc/x86_64-apple-darwin14.0.0/4.9.2]
  collapse library dir [/usr/local/lib/gcc/x86_64-apple-darwin14.0.0/4.9.2/../../..] ==> [/usr/local/lib]
  collapse library dir [/usr/local/lib/gcc/x86_64-apple-darwin14.0.0/4.9.2] ==> [/usr/local/lib/gcc/x86_64-apple-darwin14.0.0/4.9.2]
  collapse library dir [/usr/local/lib] ==> [/usr/local/lib]
  collapse library dir [/usr/lib] ==> [/usr/lib]
  collapse library dir [/usr/local/lib] ==> [/usr/local/lib]
  collapse framework dir [/Library/Frameworks/] ==> [/Library/Frameworks]
  collapse framework dir [/System/Library/Frameworks/] ==> [/System/Library/Frameworks]
  implicit libs: [stdc++]
  implicit dirs: [/usr/local/lib/gcc/x86_64-apple-darwin14.0.0/4.9.2;/usr/local/lib;/usr/lib]
  implicit fwks: [/Library/Frameworks;/System/Library/Frameworks]




Detecting CXX [-std=c++14] compiler features compiled with the following output:
Change Dir: /Users/sfarrens/Dropbox/CEA/P-ISAP/isap/cxx/sparse2d_opt_w_unit/build2/CMakeFiles/CMakeTmp

Run Build Command:"/usr/bin/make" "cmTC_ed887/fast"
/Library/Developer/CommandLineTools/usr/bin/make -f CMakeFiles/cmTC_ed887.dir/build.make CMakeFiles/cmTC_ed887.dir/build
Building CXX object CMakeFiles/cmTC_ed887.dir/feature_tests.cxx.o
/usr/local/bin/c++    -std=c++14 -o CMakeFiles/cmTC_ed887.dir/feature_tests.cxx.o -c /Users/sfarrens/Dropbox/CEA/P-ISAP/isap/cxx/sparse2d_opt_w_unit/build2/CMakeFiles/feature_tests.cxx
Linking CXX executable cmTC_ed887
/usr/local/bin/cmake -E cmake_link_script CMakeFiles/cmTC_ed887.dir/link.txt --verbose=1
/usr/local/bin/c++     -Wl,-search_paths_first -Wl,-headerpad_max_install_names   CMakeFiles/cmTC_ed887.dir/feature_tests.cxx.o  -o cmTC_ed887  


    Feature record: CXX_FEATURE:0cxx_aggregate_default_initializers
    Feature record: CXX_FEATURE:1cxx_alias_templates
    Feature record: CXX_FEATURE:1cxx_alignas
    Feature record: CXX_FEATURE:1cxx_alignof
    Feature record: CXX_FEATURE:1cxx_attributes
    Feature record: CXX_FEATURE:1cxx_attribute_deprecated
    Feature record: CXX_FEATURE:1cxx_auto_type
    Feature record: CXX_FEATURE:1cxx_binary_literals
    Feature record: CXX_FEATURE:1cxx_constexpr
    Feature record: CXX_FEATURE:1cxx_contextual_conversions
    Feature record: CXX_FEATURE:1cxx_decltype
    Feature record: CXX_FEATURE:1cxx_decltype_auto
    Feature record: CXX_FEATURE:1cxx_decltype_incomplete_return_types
    Feature record: CXX_FEATURE:1cxx_default_function_template_args
    Feature record: CXX_FEATURE:1cxx_defaulted_functions
    Feature record: CXX_FEATURE:1cxx_defaulted_move_initializers
    Feature record: CXX_FEATURE:1cxx_delegating_constructors
    Feature record: CXX_FEATURE:1cxx_deleted_functions
    Feature record: CXX_FEATURE:1cxx_digit_separators
    Feature record: CXX_FEATURE:1cxx_enum_forward_declarations
    Feature record: CXX_FEATURE:1cxx_explicit_conversions
    Feature record: CXX_FEATURE:1cxx_extended_friend_declarations
    Feature record: CXX_FEATURE:1cxx_extern_templates
    Feature record: CXX_FEATURE:1cxx_final
    Feature record: CXX_FEATURE:1cxx_func_identifier
    Feature record: CXX_FEATURE:1cxx_generalized_initializers
    Feature record: CXX_FEATURE:1cxx_generic_lambdas
    Feature record: CXX_FEATURE:1cxx_inheriting_constructors
    Feature record: CXX_FEATURE:1cxx_inline_namespaces
    Feature record: CXX_FEATURE:1cxx_lambdas
    Feature record: CXX_FEATURE:1cxx_lambda_init_captures
    Feature record: CXX_FEATURE:1cxx_local_type_template_args
    Feature record: CXX_FEATURE:1cxx_long_long_type
    Feature record: CXX_FEATURE:1cxx_noexcept
    Feature record: CXX_FEATURE:1cxx_nonstatic_member_init
    Feature record: CXX_FEATURE:1cxx_nullptr
    Feature record: CXX_FEATURE:1cxx_override
    Feature record: CXX_FEATURE:1cxx_range_for
    Feature record: CXX_FEATURE:1cxx_raw_string_literals
    Feature record: CXX_FEATURE:1cxx_reference_qualified_functions
    Feature record: CXX_FEATURE:0cxx_relaxed_constexpr
    Feature record: CXX_FEATURE:1cxx_return_type_deduction
    Feature record: CXX_FEATURE:1cxx_right_angle_brackets
    Feature record: CXX_FEATURE:1cxx_rvalue_references
    Feature record: CXX_FEATURE:1cxx_sizeof_member
    Feature record: CXX_FEATURE:1cxx_static_assert
    Feature record: CXX_FEATURE:1cxx_strong_enums
    Feature record: CXX_FEATURE:1cxx_template_template_parameters
    Feature record: CXX_FEATURE:1cxx_thread_local
    Feature record: CXX_FEATURE:1cxx_trailing_return_types
    Feature record: CXX_FEATURE:1cxx_unicode_literals
    Feature record: CXX_FEATURE:1cxx_uniform_initialization
    Feature record: CXX_FEATURE:1cxx_unrestricted_unions
    Feature record: CXX_FEATURE:1cxx_user_literals
    Feature record: CXX_FEATURE:0cxx_variable_templates
    Feature record: CXX_FEATURE:1cxx_variadic_macros
    Feature record: CXX_FEATURE:1cxx_variadic_templates


Detecting CXX [-std=c++11] compiler features compiled with the following output:
Change Dir: /Users/sfarrens/Dropbox/CEA/P-ISAP/isap/cxx/sparse2d_opt_w_unit/build2/CMakeFiles/CMakeTmp

Run Build Command:"/usr/bin/make" "cmTC_4d67a/fast"
/Library/Developer/CommandLineTools/usr/bin/make -f CMakeFiles/cmTC_4d67a.dir/build.make CMakeFiles/cmTC_4d67a.dir/build
Building CXX object CMakeFiles/cmTC_4d67a.dir/feature_tests.cxx.o
/usr/local/bin/c++    -std=c++11 -o CMakeFiles/cmTC_4d67a.dir/feature_tests.cxx.o -c /Users/sfarrens/Dropbox/CEA/P-ISAP/isap/cxx/sparse2d_opt_w_unit/build2/CMakeFiles/feature_tests.cxx
Linking CXX executable cmTC_4d67a
/usr/local/bin/cmake -E cmake_link_script CMakeFiles/cmTC_4d67a.dir/link.txt --verbose=1
/usr/local/bin/c++     -Wl,-search_paths_first -Wl,-headerpad_max_install_names   CMakeFiles/cmTC_4d67a.dir/feature_tests.cxx.o  -o cmTC_4d67a  


    Feature record: CXX_FEATURE:0cxx_aggregate_default_initializers
    Feature record: CXX_FEATURE:1cxx_alias_templates
    Feature record: CXX_FEATURE:1cxx_alignas
    Feature record: CXX_FEATURE:1cxx_alignof
    Feature record: CXX_FEATURE:1cxx_attributes
    Feature record: CXX_FEATURE:0cxx_attribute_deprecated
    Feature record: CXX_FEATURE:1cxx_auto_type
    Feature record: CXX_FEATURE:0cxx_binary_literals
    Feature record: CXX_FEATURE:1cxx_constexpr
    Feature record: CXX_FEATURE:0cxx_contextual_conversions
    Feature record: CXX_FEATURE:1cxx_decltype
    Feature record: CXX_FEATURE:0cxx_decltype_auto
    Feature record: CXX_FEATURE:1cxx_decltype_incomplete_return_types
    Feature record: CXX_FEATURE:1cxx_default_function_template_args
    Feature record: CXX_FEATURE:1cxx_defaulted_functions
    Feature record: CXX_FEATURE:1cxx_defaulted_move_initializers
    Feature record: CXX_FEATURE:1cxx_delegating_constructors
    Feature record: CXX_FEATURE:1cxx_deleted_functions
    Feature record: CXX_FEATURE:0cxx_digit_separators
    Feature record: CXX_FEATURE:1cxx_enum_forward_declarations
    Feature record: CXX_FEATURE:1cxx_explicit_conversions
    Feature record: CXX_FEATURE:1cxx_extended_friend_declarations
    Feature record: CXX_FEATURE:1cxx_extern_templates
    Feature record: CXX_FEATURE:1cxx_final
    Feature record: CXX_FEATURE:1cxx_func_identifier
    Feature record: CXX_FEATURE:1cxx_generalized_initializers
    Feature record: CXX_FEATURE:0cxx_generic_lambdas
    Feature record: CXX_FEATURE:1cxx_inheriting_constructors
    Feature record: CXX_FEATURE:1cxx_inline_namespaces
    Feature record: CXX_FEATURE:1cxx_lambdas
    Feature record: CXX_FEATURE:0cxx_lambda_init_captures
    Feature record: CXX_FEATURE:1cxx_local_type_template_args
    Feature record: CXX_FEATURE:1cxx_long_long_type
    Feature record: CXX_FEATURE:1cxx_noexcept
    Feature record: CXX_FEATURE:1cxx_nonstatic_member_init
    Feature record: CXX_FEATURE:1cxx_nullptr
    Feature record: CXX_FEATURE:1cxx_override
    Feature record: CXX_FEATURE:1cxx_range_for
    Feature record: CXX_FEATURE:1cxx_raw_string_literals
    Feature record: CXX_FEATURE:1cxx_reference_qualified_functions
    Feature record: CXX_FEATURE:0cxx_relaxed_constexpr
    Feature record: CXX_FEATURE:0cxx_return_type_deduction
    Feature record: CXX_FEATURE:1cxx_right_angle_brackets
    Feature record: CXX_FEATURE:1cxx_rvalue_references
    Feature record: CXX_FEATURE:1cxx_sizeof_member
    Feature record: CXX_FEATURE:1cxx_static_assert
    Feature record: CXX_FEATURE:1cxx_strong_enums
    Feature record: CXX_FEATURE:1cxx_template_template_parameters
    Feature record: CXX_FEATURE:1cxx_thread_local
    Feature record: CXX_FEATURE:1cxx_trailing_return_types
    Feature record: CXX_FEATURE:1cxx_unicode_literals
    Feature record: CXX_FEATURE:1cxx_uniform_initialization
    Feature record: CXX_FEATURE:1cxx_unrestricted_unions
    Feature record: CXX_FEATURE:1cxx_user_literals
    Feature record: CXX_FEATURE:0cxx_variable_templates
    Feature record: CXX_FEATURE:1cxx_variadic_macros
    Feature record: CXX_FEATURE:1cxx_variadic_templates


Detecting CXX [-std=c++98] compiler features compiled with the following output:
Change Dir: /Users/sfarrens/Dropbox/CEA/P-ISAP/isap/cxx/sparse2d_opt_w_unit/build2/CMakeFiles/CMakeTmp

Run Build Command:"/usr/bin/make" "cmTC_7b562/fast"
/Library/Developer/CommandLineTools/usr/bin/make -f CMakeFiles/cmTC_7b562.dir/build.make CMakeFiles/cmTC_7b562.dir/build
Building CXX object CMakeFiles/cmTC_7b562.dir/feature_tests.cxx.o
/usr/local/bin/c++    -std=c++98 -o CMakeFiles/cmTC_7b562.dir/feature_tests.cxx.o -c /Users/sfarrens/Dropbox/CEA/P-ISAP/isap/cxx/sparse2d_opt_w_unit/build2/CMakeFiles/feature_tests.cxx
Linking CXX executable cmTC_7b562
/usr/local/bin/cmake -E cmake_link_script CMakeFiles/cmTC_7b562.dir/link.txt --verbose=1
/usr/local/bin/c++     -Wl,-search_paths_first -Wl,-headerpad_max_install_names   CMakeFiles/cmTC_7b562.dir/feature_tests.cxx.o  -o cmTC_7b562  


    Feature record: CXX_FEATURE:0cxx_aggregate_default_initializers
    Feature record: CXX_FEATURE:0cxx_alias_templates
    Feature record: CXX_FEATURE:0cxx_alignas
    Feature record: CXX_FEATURE:0cxx_alignof
    Feature record: CXX_FEATURE:0cxx_attributes
    Feature record: CXX_FEATURE:0cxx_attribute_deprecated
    Feature record: CXX_FEATURE:0cxx_auto_type
    Feature record: CXX_FEATURE:0cxx_binary_literals
    Feature record: CXX_FEATURE:0cxx_constexpr
    Feature record: CXX_FEATURE:0cxx_contextual_conversions
    Feature record: CXX_FEATURE:0cxx_decltype
    Feature record: CXX_FEATURE:0cxx_decltype_auto
    Feature record: CXX_FEATURE:0cxx_decltype_incomplete_return_types
    Feature record: CXX_FEATURE:0cxx_default_function_template_args
    Feature record: CXX_FEATURE:0cxx_defaulted_functions
    Feature record: CXX_FEATURE:0cxx_defaulted_move_initializers
    Feature record: CXX_FEATURE:0cxx_delegating_constructors
    Feature record: CXX_FEATURE:0cxx_deleted_functions
    Feature record: CXX_FEATURE:0cxx_digit_separators
    Feature record: CXX_FEATURE:0cxx_enum_forward_declarations
    Feature record: CXX_FEATURE:0cxx_explicit_conversions
    Feature record: CXX_FEATURE:0cxx_extended_friend_declarations
    Feature record: CXX_FEATURE:0cxx_extern_templates
    Feature record: CXX_FEATURE:0cxx_final
    Feature record: CXX_FEATURE:0cxx_func_identifier
    Feature record: CXX_FEATURE:0cxx_generalized_initializers
    Feature record: CXX_FEATURE:0cxx_generic_lambdas
    Feature record: CXX_FEATURE:0cxx_inheriting_constructors
    Feature record: CXX_FEATURE:0cxx_inline_namespaces
    Feature record: CXX_FEATURE:0cxx_lambdas
    Feature record: CXX_FEATURE:0cxx_lambda_init_captures
    Feature record: CXX_FEATURE:0cxx_local_type_template_args
    Feature record: CXX_FEATURE:0cxx_long_long_type
    Feature record: CXX_FEATURE:0cxx_noexcept
    Feature record: CXX_FEATURE:0cxx_nonstatic_member_init
    Feature record: CXX_FEATURE:0cxx_nullptr
    Feature record: CXX_FEATURE:0cxx_override
    Feature record: CXX_FEATURE:0cxx_range_for
    Feature record: CXX_FEATURE:0cxx_raw_string_literals
    Feature record: CXX_FEATURE:0cxx_reference_qualified_functions
    Feature record: CXX_FEATURE:0cxx_relaxed_constexpr
    Feature record: CXX_FEATURE:0cxx_return_type_deduction
    Feature record: CXX_FEATURE:0cxx_right_angle_brackets
    Feature record: CXX_FEATURE:0cxx_rvalue_references
    Feature record: CXX_FEATURE:0cxx_sizeof_member
    Feature record: CXX_FEATURE:0cxx_static_assert
    Feature record: CXX_FEATURE:0cxx_strong_enums
    Feature record: CXX_FEATURE:1cxx_template_template_parameters
    Feature record: CXX_FEATURE:0cxx_thread_local
    Feature record: CXX_FEATURE:0cxx_trailing_return_types
    Feature record: CXX_FEATURE:0cxx_unicode_literals
    Feature record: CXX_FEATURE:0cxx_uniform_initialization
    Feature record: CXX_FEATURE:0cxx_unrestricted_unions
    Feature record: CXX_FEATURE:0cxx_user_literals
    Feature record: CXX_FEATURE:0cxx_variable_templates
    Feature record: CXX_FEATURE:0cxx_variadic_macros
    Feature record: CXX_FEATURE:0cxx_variadic_templates
